0 info it worked if it ends with ok
1 verbose cli [ '/Users/sethwatson/.nvm/versions/node/v6.10.2/bin/node',
1 verbose cli   '/Users/sethwatson/.nvm/versions/node/v6.10.2/bin/npm',
1 verbose cli   'i',
1 verbose cli   '-',
1 verbose cli   'rs' ]
2 info using npm@3.10.10
3 info using node@v6.10.2
4 silly loadCurrentTree Starting
5 silly install loadCurrentTree
6 silly install readLocalPackageData
7 silly fetchPackageMetaData -
8 silly fetchPackageMetaData rs
9 silly fetchOtherPackageData -
10 silly cache add args [ '-', null ]
11 verbose cache add spec -
12 silly fetchNamedPackageData rs
13 silly mapToRegistry name rs
14 silly mapToRegistry using default registry
15 silly mapToRegistry registry https://registry.npmjs.org/
16 silly mapToRegistry data Result {
16 silly mapToRegistry   raw: 'rs',
16 silly mapToRegistry   scope: null,
16 silly mapToRegistry   escapedName: 'rs',
16 silly mapToRegistry   name: 'rs',
16 silly mapToRegistry   rawSpec: '',
16 silly mapToRegistry   spec: 'latest',
16 silly mapToRegistry   type: 'tag' }
17 silly mapToRegistry uri https://registry.npmjs.org/rs
18 silly cache add parsed spec Result {
18 silly cache add   raw: '-',
18 silly cache add   scope: null,
18 silly cache add   escapedName: null,
18 silly cache add   name: null,
18 silly cache add   rawSpec: '-',
18 silly cache add   spec: '/Users/sethwatson/dev/assignments/exercises/node-calc/-',
18 silly cache add   type: 'local' }
19 verbose request uri https://registry.npmjs.org/rs
20 verbose request no auth needed
21 info attempt registry request try #1 at 6:02:22 PM
22 verbose request id 2b3b813b339a5acd
23 http request GET https://registry.npmjs.org/rs
24 error addLocal Could not install /Users/sethwatson/dev/assignments/exercises/node-calc/-
25 silly fetchPackageMetaData Error: ENOENT: no such file or directory, open '/Users/sethwatson/dev/assignments/exercises/node-calc/-'
25 silly fetchPackageMetaData     at Error (native)
25 silly fetchPackageMetaData  error for - { Error: ENOENT: no such file or directory, open '/Users/sethwatson/dev/assignments/exercises/node-calc/-'
25 silly fetchPackageMetaData     at Error (native)
25 silly fetchPackageMetaData   errno: -2,
25 silly fetchPackageMetaData   code: 'ENOENT',
25 silly fetchPackageMetaData   syscall: 'open',
25 silly fetchPackageMetaData   path: '/Users/sethwatson/dev/assignments/exercises/node-calc/-' }
26 http 200 https://registry.npmjs.org/rs
27 verbose headers { server: 'nginx/1.10.1',
27 verbose headers   'content-type': 'application/json',
27 verbose headers   'last-modified': 'Sat, 09 Jun 2012 20:22:59 GMT',
27 verbose headers   etag: 'W/"4fd3b0a3-77e"',
27 verbose headers   'content-encoding': 'gzip',
27 verbose headers   'cache-control': 'max-age=300',
27 verbose headers   'content-length': '980',
27 verbose headers   'accept-ranges': 'bytes',
27 verbose headers   date: 'Mon, 05 Jun 2017 00:02:22 GMT',
27 verbose headers   via: '1.1 varnish',
27 verbose headers   age: '0',
27 verbose headers   connection: 'keep-alive',
27 verbose headers   'x-served-by': 'cache-den6024-DEN',
27 verbose headers   'x-cache': 'MISS',
27 verbose headers   'x-cache-hits': '0',
27 verbose headers   'x-timer': 'S1496620942.245957,VS0,VE247',
27 verbose headers   vary: 'Accept-Encoding' }
28 silly get cb [ 200,
28 silly get   { server: 'nginx/1.10.1',
28 silly get     'content-type': 'application/json',
28 silly get     'last-modified': 'Sat, 09 Jun 2012 20:22:59 GMT',
28 silly get     etag: 'W/"4fd3b0a3-77e"',
28 silly get     'content-encoding': 'gzip',
28 silly get     'cache-control': 'max-age=300',
28 silly get     'content-length': '980',
28 silly get     'accept-ranges': 'bytes',
28 silly get     date: 'Mon, 05 Jun 2017 00:02:22 GMT',
28 silly get     via: '1.1 varnish',
28 silly get     age: '0',
28 silly get     connection: 'keep-alive',
28 silly get     'x-served-by': 'cache-den6024-DEN',
28 silly get     'x-cache': 'MISS',
28 silly get     'x-cache-hits': '0',
28 silly get     'x-timer': 'S1496620942.245957,VS0,VE247',
28 silly get     vary: 'Accept-Encoding' } ]
29 verbose get saving rs to /Users/sethwatson/.npm/registry.npmjs.org/rs/.cache.json
30 verbose correctMkdir /Users/sethwatson/.npm correctMkdir not in flight; initializing
31 silly rollbackFailedOptional Starting
32 silly rollbackFailedOptional Finishing
33 silly runTopLevelLifecycles Finishing
34 silly install printInstalled
35 verbose stack Error: ENOENT: no such file or directory, open '/Users/sethwatson/dev/assignments/exercises/node-calc/-'
35 verbose stack     at Error (native)
36 verbose cwd /Users/sethwatson/dev/assignments/exercises/node-calc
37 error Darwin 16.5.0
38 error argv "/Users/sethwatson/.nvm/versions/node/v6.10.2/bin/node" "/Users/sethwatson/.nvm/versions/node/v6.10.2/bin/npm" "i" "-" "rs"
39 error node v6.10.2
40 error npm  v3.10.10
41 error path /Users/sethwatson/dev/assignments/exercises/node-calc/-
42 error code ENOENT
43 error errno -2
44 error syscall open
45 error enoent ENOENT: no such file or directory, open '/Users/sethwatson/dev/assignments/exercises/node-calc/-'
46 error enoent ENOENT: no such file or directory, open '/Users/sethwatson/dev/assignments/exercises/node-calc/-'
46 error enoent This is most likely not a problem with npm itself
46 error enoent and is related to npm not being able to find a file.
47 verbose exit [ -2, true ]
